<?xml version="1.0" encoding="UTF-8"?>
<!-- Generated by org.testng.reporters.JUnitXMLReporter -->
<testsuite ignored="0" hostname="prasad" failures="0" tests="1" name="Test-Runner-1" time="18.317" errors="0" timestamp="2022-09-11T17:42:58 IST">
  <testcase classname="vtiger.ContactsTests.CreateContactWithMandatoryFieldTest" name="createContactWithMandatoryFieldTest" time="10.098"/>
</testsuite> <!-- Test-Runner-1 -->
