<?xml version="1.0" encoding="UTF-8"?>
<!-- Generated by org.testng.reporters.JUnitXMLReporter -->
<testsuite ignored="0" hostname="prasad" failures="0" tests="1" name="Test-Runner-2" time="26.106" errors="0" timestamp="2022-09-11T17:43:06 IST">
  <testcase classname="vtiger.ContactsTests.CreateContactwithOrgTest" name="CreateContactWithOrgTest" time="18.154"/>
</testsuite> <!-- Test-Runner-2 -->
