<?xml version="1.0" encoding="UTF-8"?>
<!-- Generated by org.testng.reporters.JUnitReportReporter -->
<testsuite hostname="prasad" failures="0" tests="1" name="vtiger.ContactsTests.CreateContactwithOrgTest" time="23.238" errors="0" timestamp="2022-09-12T19:54:46 IST" skipped="0">
  <testcase classname="vtiger.ContactsTests.CreateContactwithOrgTest" name="CreateContactWithOrgTest" time="23.238"/>
  <system-out>
    <![CDATA[Org Link Clicked
New Oeganization Img Created
New Organization Page
contacts link clicked
New contacts Img Created
New contact with organization Created]]>
  </system-out>
</testsuite> <!-- vtiger.ContactsTests.CreateContactwithOrgTest -->
