<?xml version="1.0" encoding="UTF-8"?>
<!-- Generated by org.testng.reporters.JUnitReportReporter -->
<testsuite hostname="prasad" failures="0" tests="7" name="vtiger.OrganizationsTests.CreateMultipleOrganizationWithIndustryTest" time="105.420" errors="0" timestamp="2022-09-11T15:47:41 IST" skipped="0">
  <testcase classname="vtiger.OrganizationsTests.CreateMultipleOrganizationWithIndustryTest" name="CreateMultipleOrgTest" time="14.319"/>
  <system-out>
    <![CDATA[CreateMultipleOrgTest=> test script execution started]]>
  </system-out>
  <testcase classname="vtiger.OrganizationsTests.CreateMultipleOrganizationWithIndustryTest" name="CreateMultipleOrgTest" time="15.400"/>
  <system-out>
    <![CDATA[CreateMultipleOrgTest=> test script execution started]]>
  </system-out>
  <testcase classname="vtiger.OrganizationsTests.CreateMultipleOrganizationWithIndustryTest" name="CreateMultipleOrgTest" time="15.389"/>
  <system-out>
    <![CDATA[CreateMultipleOrgTest=> test script execution started]]>
  </system-out>
  <testcase classname="vtiger.OrganizationsTests.CreateMultipleOrganizationWithIndustryTest" name="CreateMultipleOrgTest" time="14.669"/>
  <system-out>
    <![CDATA[CreateMultipleOrgTest=> test script execution started]]>
  </system-out>
  <testcase classname="vtiger.OrganizationsTests.CreateMultipleOrganizationWithIndustryTest" name="CreateMultipleOrgTest" time="15.060"/>
  <system-out>
    <![CDATA[CreateMultipleOrgTest=> test script execution started]]>
  </system-out>
  <testcase classname="vtiger.OrganizationsTests.CreateMultipleOrganizationWithIndustryTest" name="CreateMultipleOrgTest" time="15.361"/>
  <system-out>
    <![CDATA[CreateMultipleOrgTest=> test script execution started]]>
  </system-out>
  <testcase classname="vtiger.OrganizationsTests.CreateMultipleOrganizationWithIndustryTest" name="CreateMultipleOrgTest" time="15.222"/>
  <system-out>
    <![CDATA[CreateMultipleOrgTest=> test script execution started]]>
  </system-out>
</testsuite> <!-- vtiger.OrganizationsTests.CreateMultipleOrganizationWithIndustryTest -->
