<?xml version="1.0" encoding="UTF-8"?>
<!-- Generated by org.testng.reporters.JUnitReportReporter -->
<testsuite hostname="prasad" failures="0" tests="1" name="vtiger.Practice.TestNGPractice" time="0.013" errors="0" timestamp="2022-08-30T18:47:11 IST" skipped="0">
  <testcase classname="vtiger.Practice.TestNGPractice" name="CreateCustomer" time="0.013"/>
  <system-out/>
</testsuite> <!-- vtiger.Practice.TestNGPractice -->
