<?xml version="1.0" encoding="UTF-8"?>
<!-- Generated by org.testng.reporters.JUnitReportReporter -->
<testsuite hostname="prasad" failures="0" tests="2" name="vtiger.ContactsTests.CreateContactWithOrganizationTest" time="77.010" errors="0" timestamp="2022-09-12T15:13:25 IST" skipped="0">
  <testcase classname="vtiger.ContactsTests.CreateContactWithOrganizationTest" name="createContactWithOrganizationTest" time="38.879"/>
  <system-out>
    <![CDATA[createContactWithOrganizationTest=> test script execution started]]>
  </system-out>
  <testcase classname="vtiger.ContactsTests.CreateContactWithOrganizationTest" name="createContactWithOrganizationTest" time="38.131"/>
  <system-out>
    <![CDATA[createContactWithOrganizationTest=> test script execution started]]>
  </system-out>
</testsuite> <!-- vtiger.ContactsTests.CreateContactWithOrganizationTest -->
