<?xml version="1.0" encoding="UTF-8"?>
<!-- Generated by org.testng.reporters.JUnitReportReporter -->
<testsuite hostname="prasad" failures="0" tests="2" name="vtiger.ContactsTests.CreateContactWithMandatoryFieldTest" time="33.418" errors="0" timestamp="2022-09-11T19:22:18 IST" skipped="0">
  <testcase classname="vtiger.ContactsTests.CreateContactWithMandatoryFieldTest" name="createContactWithMandatoryFieldTest" time="16.111"/>
  <system-out>
    <![CDATA[createContactWithMandatoryFieldTest=> test script execution started]]>
  </system-out>
  <testcase classname="vtiger.ContactsTests.CreateContactWithMandatoryFieldTest" name="createContactWithMandatoryFieldTest" time="17.307"/>
  <system-out>
    <![CDATA[createContactWithMandatoryFieldTest=> test script execution started]]>
  </system-out>
</testsuite> <!-- vtiger.ContactsTests.CreateContactWithMandatoryFieldTest -->
