<?xml version="1.0" encoding="UTF-8"?>
<!-- Generated by org.testng.reporters.JUnitReportReporter -->
<testsuite hostname="prasad" failures="0" tests="1" name="vtiger.OrganizationsTests.CreateOrganizationTest" time="18.299" errors="0" timestamp="2022-09-12T16:58:55 IST" skipped="0">
  <testcase classname="vtiger.OrganizationsTests.CreateOrganizationTest" name="createOrganizationTest" time="18.299"/>
  <system-out>
    <![CDATA[organisation link clicked
organisation image clicked
organisation is created]]>
  </system-out>
</testsuite> <!-- vtiger.OrganizationsTests.CreateOrganizationTest -->
